<?xml version="1.0" encoding="UTF-8" ?>
<testsuites>
  <testsuite errors="0" failures="0" hostname="DESKTOP-S5990V7" id="0" name="Add Criterion" package="" tests="3" time="35.016" timestamp="2017-02-23T13:16:50">
      <properties />

      <testcase classname="grails.plugin.cucumber.CucumberTest" name="Register a criterion that does not exist" time="1.946" />

      <testcase classname="grails.plugin.cucumber.CucumberTest" name="Register a criterion that already exists" time="0.136" />

      <testcase classname="grails.plugin.cucumber.CucumberTest" name="Error when registering a criterion that already exists" time="14.05" />

      <system-out><![CDATA[#Esta feature Ã© a feature inicial, idealizada antes da iteraÃ§Ã£o de imlementar features.
#Portanto, serÃ¡ descartada dos testes finais visto que nÃ£o faz uso de mÃ©todos de controlador que nÃ£o sejam
#Gerados automaticamente.
#Arthur Lapprand
Feature: Add Criterion
  As the teacher
  I want to be able to register new criteria
  So I can evaluate the students with these criteria

--Output from Register a criterion that does not exist--
--Output from Register a criterion that already exists--
  #Controller Scenario
  Scenario: Register a criterion that does not exist        # AddCriterion.feature:12
    Given the criterion with name "P1" is not on the system # AddCriterionSteps.groovy:38
    When I create the criterion "P1"                        # AddCriterionSteps.groovy:43
    Then the criterion "P1" is properly added to the system # AddCriterionSteps.groovy:48

--Output from Error when registering a criterion that already exists--
  #Controller Scenario
  Scenario: Register a criterion that already exists            # AddCriterion.feature:18
    Given the criterion named "P2" already exists on the system # AddCriterionSteps.groovy:59
    When I create the criterion with description "P2"           # AddCriterionSteps.groovy:66
    Then the system does nothing                                # AddCriterionSteps.groovy:70

  #GUI Scenario
  Scenario: Error when registering a criterion that already exists            # AddCriterion.feature:24
    Given the criterion "P3" already exists                                   # AddCriterionSteps.groovy:82
    And I am on the Add Criterion page                                        # AddCriterionSteps.groovy:90
    When I add the criterion "P3"                                             # AddCriterionSteps.groovy:95
    Then I should see a message related to the criterion registration failure # AddCriterionSteps.groovy:101
]]></system-out>

      <system-err><![CDATA[
--Output from Register a criterion that does not exist--
--Output from Register a criterion that already exists--
--Output from Error when registering a criterion that already exists--]]></system-err>

  </testsuite>
  <testsuite errors="0" failures="0" hostname="DESKTOP-S5990V7" id="1" name="Add Group Criterion" package="" tests="4" time="13.442" timestamp="2017-02-23T13:17:26">
      <properties />

      <testcase classname="grails.plugin.cucumber.CucumberTest" name="Register a group of criteria that does not exist" time="0.084" />

      <testcase classname="grails.plugin.cucumber.CucumberTest" name="Register a non-existent group of criteria" time="6.805" />

      <testcase classname="grails.plugin.cucumber.CucumberTest" name="Register a group of criteria that some of them already exists" time="0.09" />

      <testcase classname="grails.plugin.cucumber.CucumberTest" name="Register a group of criteria that some elements of it already exists" time="6.408" />

      <system-out><![CDATA[#Thiago Bastos
Feature: Add Group Criterion
  As the teacher
  I want to be able to register new criteria
  So I can evaluate the students with these criteria

--Output from Register a group of criteria that does not exist--
--Output from Register a non-existent group of criteria--
  #Controller Scenario
  Scenario: Register a group of criteria that does not exist    # AddGroupOfCriteria.feature:8
    Given the criterion "C1" is not on the system               # AddGroupOfCriteriaSteps.groovy:35
    And the criterion with name "C2" is also not on the system  # AddGroupOfCriteriaSteps.groovy:42
    When I create the group of criteria "C1;C2"                 # AddGroupOfCriteriaSteps.groovy:49
    Then the criterion "C1" is added to the system              # AddGroupOfCriteriaSteps.groovy:56
    And the criterion "C2" is also properly added to the system # AddGroupOfCriteriaSteps.groovy:61

--Output from Register a group of criteria that some of them already exists--
  #GUI Scenario
  Scenario: Register a non-existent group of criteria                   # AddGroupOfCriteria.feature:16
    Given I can not see the criterion "C3"                              # AddGroupOfCriteriaSteps.groovy:76
    And I can not see the criterion "C4"                                # AddGroupOfCriteriaSteps.groovy:76
    And I am at the Add Group of Criteria page                          # AddGroupOfCriteriaSteps.groovy:84
    When I fill the field Nome with the name "C3;C4"                    # AddGroupOfCriteriaSteps.groovy:89
    And I finalize the criteria registration                            # AddGroupOfCriteriaSteps.groovy:94
    Then I should see the "C3" criterion available on the criteria list # AddGroupOfCriteriaSteps.groovy:100
    And I should see the "C4" criterion available on the criteria list  # AddGroupOfCriteriaSteps.groovy:100

--Output from Register a group of criteria that some elements of it already exists--
  #Controller Scenario
  Scenario: Register a group of criteria that some of them already exists # AddGroupOfCriteria.feature:26
    Given the criterion with name "C5" isnt on the system                 # AddGroupOfCriteriaSteps.groovy:119
    And the criterion with name "C9" is on the system                     # AddGroupOfCriteriaSteps.groovy:125
    When I register the group of criteria "C5;C9"                         # AddGroupOfCriteriaSteps.groovy:133
    Then the criterion "C5" is in the system                              # AddGroupOfCriteriaSteps.groovy:139
    And the criterion "C9" is not added to the system                     # AddGroupOfCriteriaSteps.groovy:143

  #GUI Scenario
  Scenario: Register a group of criteria that some elements of it already exists     # AddGroupOfCriteria.feature:34
    Given I can not see the criterion "C6"                                           # AddGroupOfCriteriaSteps.groovy:76
    And I can see the criterion "C7"                                                 # AddGroupOfCriteriaSteps.groovy:159
    And I am at the Add Group of Criteria page                                       # AddGroupOfCriteriaSteps.groovy:84
    When I fill the field Nome with the name "C6;C7"                                 # AddGroupOfCriteriaSteps.groovy:89
    And I finalize the criteria registration                                         # AddGroupOfCriteriaSteps.groovy:94
    Then I should see the "C6" criterion available on the criteria list              # AddGroupOfCriteriaSteps.groovy:100
    And I should see the "C7" criterion only one time available on the criteria list # AddGroupOfCriteriaSteps.groovy:173
]]></system-out>

      <system-err><![CDATA[
--Output from Register a group of criteria that does not exist--
--Output from Register a non-existent group of criteria--
--Output from Register a group of criteria that some of them already exists--
--Output from Register a group of criteria that some elements of it already exists--]]></system-err>

  </testsuite>
  <testsuite errors="0" failures="1" hostname="DESKTOP-S5990V7" id="2" name="Add Student" package="" tests="10" time="29.909" timestamp="2017-02-23T13:17:39">
      <properties />

      <testcase classname="grails.plugin.cucumber.CucumberTest" name="Register a new student" time="0.102" />

      <testcase classname="grails.plugin.cucumber.CucumberTest" name="Message from the new student registration" time="9.495" />

      <testcase classname="grails.plugin.cucumber.CucumberTest" name="Register a student with a login that already exists" time="0.068" />

      <testcase classname="grails.plugin.cucumber.CucumberTest" name="Error message when registering a login twice" time="0.194">
          <failure message="Undefined Step: Then I do not can see the name of &quot;Edilberto Braz&quot; with login &quot;ra&quot; in the list of students" type="grails.plugin.cucumber.FakeAssertionFailedError">cucumber.runtime.UndefinedStepException: Undefined Step: Then I do not can see the name of &quot;Edilberto Braz&quot; with login &quot;ra&quot; in the list of students
	at grails.plugin.cucumber.CucumberFormatter.resultUndefined(CucumberFormatter.groovy:250)
	at grails.plugin.cucumber.CucumberFormatter.result(CucumberFormatter.groovy:215)
	at cucumber.runtime.Utils$1.call(Utils.java:37)
	at cucumber.runtime.Timeout.timeout(Timeout.java:13)
	at cucumber.runtime.Utils.invoke(Utils.java:31)
	at cucumber.runtime.RuntimeOptions$1.invoke(RuntimeOptions.java:243)
	at cucumber.runtime.Runtime.runStep(Runtime.java:280)
	at cucumber.runtime.model.StepContainer.runStep(StepContainer.java:44)
	at cucumber.runtime.model.StepContainer.runSteps(StepContainer.java:39)
	at cucumber.runtime.model.CucumberScenario.run(CucumberScenario.java:48)
	at cucumber.runtime.model.CucumberFeature.run(CucumberFeature.java:163)
	at grails.plugin.cucumber.Cucumber$_run_closure2.doCall(Cucumber.groovy:59)
	at grails.plugin.cucumber.Cucumber.run(Cucumber.groovy:58)
	at grails.plugin.cucumber.CucumberTestType.runFeatures(CucumberTestType.groovy:148)
	at grails.plugin.cucumber.CucumberTestType.doRun(CucumberTestType.groovy:58)
</failure>

      </testcase>

      <testcase classname="grails.plugin.cucumber.CucumberTest" name="Register a student twice" time="0.076" />

      <testcase classname="grails.plugin.cucumber.CucumberTest" name="Error message when registering a student twice" time="6.391" />

      <testcase classname="grails.plugin.cucumber.CucumberTest" name="Register a group of student" time="0.088" />

      <testcase classname="grails.plugin.cucumber.CucumberTest" name="See the new group of students in the list" time="5.944" />

      <testcase classname="grails.plugin.cucumber.CucumberTest" name="Register a student twice in a group of student" time="0.075" />

      <testcase classname="grails.plugin.cucumber.CucumberTest" name="Register a student twice in a group of student in list" time="7.419" />

      <system-out><![CDATA[Feature: Add Student
  As a professor
  I want to register students in the system
  So I can evaluate the students with respect to various criteria

--Output from Register a new student--
--Output from Message from the new student registration--
  #CenÃ¡rio Controler
  Scenario: Register a new student                                                    # AddStudents.feature:7
    Given the student "Roberto Alves" with login "ra" is not registered in the system # AddStudentsSteps.groovy:19
    When I register "Roberto Alves" with login "ra"                                   # AddStudentsSteps.groovy:23
    Then the student "Roberto Alves" with login "ra" is saved in the system           # AddStudentsSteps.groovy:27

--Output from Register a student with a login that already exists--
  #CenÃ¡rio GUI
  Scenario: Message from the new student registration                                         # AddStudents.feature:13
    Given I am in the "add student" page                                                      # AddStudentsSteps.groovy:78
    When I add the "Rodrigo Calegario" with login "rc"                                        # AddStudentsSteps.groovy:33
    Then I can see the name of "Rodrigo Calegario" and the login "rc" in the list of students # AddStudentsSteps.groovy:40

--Output from Error message when registering a login twice--
  #CenÃ¡rio Controler
  Scenario: Register a student with a login that already exists                      # AddStudents.feature:19
    Given the student "Robertinho Alves" with login "ra" is registered in the system # AddStudentsSteps.groovy:51
    When I register "Edilberto Braz" with login "ra"                                 # AddStudentsSteps.groovy:23
    Then the system does not register "Edilberto Braz" with login "ra"               # AddStudentsSteps.groovy:57

--Output from Register a student twice--
  #CenÃ¡rio GUI
  Scenario: Error message when registering a login twice                                       # AddStudents.feature:25
    Given the student "Edilberto Braz" with login "ra" is registered in the system             # AddStudentsSteps.groovy:51
    When I register "Edilberto Braz" with login "ra"                                           # AddStudentsSteps.groovy:23
    Then I do not can see the name of "Edilberto Braz" with login "ra" in the list of students

--Output from Error message when registering a student twice--
  #CenÃ¡rio Controler
  Scenario: Register a student twice                                                  # AddStudents.feature:31
    Given the student "Robertinho Alves" with login "raz" is registered in the system # AddStudentsSteps.groovy:51
    When I register "Robertinho Alves" with login "raz"                               # AddStudentsSteps.groovy:23
    Then the system does not register "Robertinho Alves" with login "raz"             # AddStudentsSteps.groovy:57

--Output from Register a group of student--
  #CenÃ¡rio GUI
  Scenario: Error message when registering a student twice                                          # AddStudents.feature:37
    Given I am in the "sudent list" page                                                            # AddStudentsSteps.groovy:78
    And the name of "Roberto Alves" and the login "ra" is already in the list of student            # AddStudentsSteps.groovy:95
    And I go to the "add student" page                                                              # AddStudentsSteps.groovy:70
    When I add the "Roberto Alves" with login "ra"                                                  # AddStudentsSteps.groovy:33
    Then I can see the name of "Roberto Alves" and the login "ra" in the list of students only once # AddStudentsSteps.groovy:61

--Output from See the new group of students in the list--
  #Cenario Controller
  Scenario: Register a group of student                                                               # AddStudents.feature:45
    Given the student "JoÃ£o Adherval" with login "ja" is not registered in the system                 # AddStudentsSteps.groovy:19
    And the student "Milena Cabral" with login "mscc" is not registered in the system                 # AddStudentsSteps.groovy:19
    When I send a text with "JoÃ£o Adherval (jacb :: joaoadherval);Â Milena Cabral (mscc :: Milechwan)" # AddStudentsSteps.groovy:66
    Then the student "JoÃ£o Adherval" with login "jacb" is saved in the system                         # AddStudentsSteps.groovy:27
    And the student "Milena Cabral" with login "mscc" is saved in the system                          # AddStudentsSteps.groovy:27

--Output from Register a student twice in a group of student--
  #Cenario GUI
  Scenario: See the new group of students in the list                                                  # AddStudents.feature:53
    Given I am in the "create group" page                                                              # AddStudentsSteps.groovy:78
    When I add the text "Danilo Ribeiro (dlr4 :: DLRibeiro); Arthur Lapprand (abl3 :: ArthurLapprand)" # AddStudentsSteps.groovy:88
    Then I can see the name of "Danilo Ribeiro" and the login "dlr4" in the list of students           # AddStudentsSteps.groovy:40
    And I can see the name of "Arthur Lapprand" and the login "abl3" in the list of students           # AddStudentsSteps.groovy:40

--Output from Register a student twice in a group of student in list--
  #Cenario Controller
  Scenario: Register a student twice in a group of student                                   # AddStudents.feature:60
    Given the student "Felipe Bormann" with login "fhab" is not registered in the system     # AddStudentsSteps.groovy:19
    And the student "Arthur Jorge" with login "anew" is registered in the system             # AddStudentsSteps.groovy:51
    When I send a text with "Felipe Bormann (fhab :: fbormann); Arthur Jorge (anew :: ajew)" # AddStudentsSteps.groovy:66
    Then the student "Felipe Bormann" with login "fhab" is saved in the system               # AddStudentsSteps.groovy:27
    And the system does not register "Arthur Jorge" with login "anew"                        # AddStudentsSteps.groovy:57

  #Cenario GUI
  Scenario: Register a student twice in a group of student in list                                      # AddStudents.feature:68
    Given I am in the "sudent list" page                                                                # AddStudentsSteps.groovy:78
    And the name of "OtÃ¡vio Vera Cruz" and the login "ovcg" is already in the list of student           # AddStudentsSteps.groovy:95
    And I go to the "create group" page                                                                 # AddStudentsSteps.groovy:70
    When I add the text "Milton Vasconcelos (mvgn :: miltongneto); OtÃ¡vio Vera Cruz (ovcg :: ovcg)"     # AddStudentsSteps.groovy:88
    Then I can see the name of "Milton Vasconcelos" and the login "mvgn" in the list of students        # AddStudentsSteps.groovy:40
    And I can see the name of "OtÃ¡vio Vera Cruz" and the login "ovcg" in the list of students only once # AddStudentsSteps.groovy:61
]]></system-out>

      <system-err><![CDATA[
--Output from Register a new student--
--Output from Message from the new student registration--
--Output from Register a student with a login that already exists--
--Output from Error message when registering a login twice--
--Output from Register a student twice--
--Output from Error message when registering a student twice--
--Output from Register a group of student--
--Output from See the new group of students in the list--
--Output from Register a student twice in a group of student--
--Output from Register a student twice in a group of student in list--]]></system-err>

  </testsuite>
  <testsuite errors="0" failures="0" hostname="DESKTOP-S5990V7" id="3" name="AddEvaluation" package="" tests="3" time="0.984" timestamp="2017-02-23T13:17:25">
      <properties />

      <testcase classname="grails.plugin.cucumber.CucumberTest" name="Add evaluation to a criteria" time="0.518" />

      <testcase classname="grails.plugin.cucumber.CucumberTest" name="Add evaluations using incomplete data" time="0.114" />

      <testcase classname="grails.plugin.cucumber.CucumberTest" name="Add evaluation more than once with same origin" time="0.229" />

      <system-out><![CDATA[Feature: AddEvaluation
  As a teacher
  I want to evaluate each student by criteria
  to show them their progress in class

--Output from Add evaluation to a criteria--
--Output from Add evaluations using incomplete data--
  Scenario: Add evaluation to a criteria                                                                                      # AddEvaluation.feature:6
    Given there are no evaluations to all students to the "X" criterion, originated from a "Test" and dated from "28/03/2016" # AddEvaluation.groovy:95
    When I want to evaluate all students to the "X" criterion, originated from a "Test" and dated from "28/03/2016".          # AddEvaluation.groovy:103
    Then all the evaluations will be stored in on the "X" criterion history of each student                                   # AddEvaluation.groovy:112

--Output from Add evaluation more than once with same origin--
  Scenario: Add evaluations using incomplete data                                                                      # AddEvaluation.feature:11
    Given there are no evaluations to all students to the "Y" criterion,                                               # AddEvaluation.groovy:117
    When I want to evaluate all students to a the "Y" criteria, without a specific origin and dated from "28/03/2016". # AddEvaluation.groovy:125
    Then all evaluations will not be stored in on the "Y" criterion history of each student                            # AddEvaluation.groovy:130

  Scenario: Add evaluation more than once with same origin                                                                                # AddEvaluation.feature:16
    Given evaluations for every student on the "X" criteria, originated from "Test" and dated from "28/03/2016" are already in the system # AddEvaluation.groovy:134
    When I want to add a mark to all students to a the "X" criteria, originated from "Test" and dated from "28/03/2016"                   # AddEvaluation.groovy:142
    Then all the marks will not be stored in on the "X" criteria's history of each student                                                # AddEvaluation.groovy:148
]]></system-out>

      <system-err><![CDATA[
--Output from Add evaluation to a criteria--
--Output from Add evaluations using incomplete data--
--Output from Add evaluation more than once with same origin--]]></system-err>

  </testsuite>
  <testsuite errors="0" failures="1" hostname="DESKTOP-S5990V7" id="4" name="Notification" package="" tests="2" time="11.521" timestamp="2017-02-23T13:18:09">
      <properties />

      <testcase classname="grails.plugin.cucumber.CucumberTest" name="Update a report" time="0.298" />

      <testcase classname="grails.plugin.cucumber.CucumberTest" name="Show the students list in the &quot;70% of evaluations are over the class average&quot; report" time="11.157">
          <failure message="title ==~/Report List/&#xa;|     |&#xa;|     false&#xa;Show Report" type="grails.plugin.cucumber.FakeAssertionFailedError">Assertion failed: 

title ==~/Report List/
|     |
|     false
Show Report

	at pages.ReportsPages.ShowReportsPage$__clinit__closure1.doCall(ShowReportsPage.groovy:11)
	at geb.Page.verifyThisPageAtOnly(Page.groovy:228)
	at geb.Page.verifyAt(Page.groovy:182)
	at geb.Browser.doAt(Browser.groovy:454)
	at geb.Browser.at(Browser.groovy:336)
	at geb.binding.BindingUpdater$InvocationForwarding.doCall(BindingUpdater.groovy:73)
	at steps.StepDefReport$_run_closure8.doCall(StepDefReport.groovy:74)
	at ✽.Then I should see the details related to the &quot;70% of evaluations are over the class average&quot; report(Notificacao.feature:33)
</failure>

      </testcase>

      <system-out><![CDATA[Feature: Notification
    As an administrator
    I want to be notified about the students issues without searching for their historic
    So I can know who has its performance under the class evaluations average quickly

--Output from Update a report--
--Output from Show the students list in the "70% of evaluations are over the class average" report--
  ##GUI
  #  Scenario: Be notified about the students's performance issues
  #    Given I am at the home page
  #    When I go to the Reports page
  #    Then the item "Reports" on the menu will show if there are new notifications
  #
  #
  ##GUI
  #  Scenario: Notify new report type
  #    Given that the report with name "70% of evaluations are MPA", evaluation "MPA", type "Porcentagem", value "0.7" is in the system
  #    And I am in the Evaluation page
  #    When I add the evaluation "MPA" to the student "Joan", login "jsd"
  #    Then 70% of his evaluations are composed of "MPA"
  #    And I should see a new notification related to the new report type
  #
  #Controller
  Scenario: Update a report                                                                                                                                                         # Notificacao.feature:22
    Given that report with name "70% of evaluations are MANA", evaluation "MANA", type "Porcentagem", value "0.7" is in the system                                                  # StepDefReport.groovy:21
    When I add the evaluation "MANA" in the criterion "blah blah" with origin "Mini-Test" and date "26/04/2016" to the student with name "Saulo Henrique Dias" and the login "shd2" # StepDefReport.groovy:29
    Then 70% of the student "shd2" evaluations are composed of "MANA"                                                                                                               # StepDefReport.groovy:37
    And the report "70% of evaluations are MANA" is updated adding the student with login "shd2"                                                                                    # StepDefReport.groovy:42

  #GUI
  Scenario: Show the students list in the "70% of evaluations are over the class average" report                                   # Notificacao.feature:29
    Given I am in the Report page                                                                                                  # StepDefReport.groovy:53
    And I try to create the report named "70% of evaluations are over the class average", type "Media", value "0", evaluation "MA" # StepDefReport.groovy:57
    When I select the "70% of evaluations are over the class average" report                                                       # StepDefReport.groovy:69
    Then I should see the details related to the "70% of evaluations are over the class average" report                            # StepDefReport.groovy:73
      Assertion failed: 
      
      title ==~/Report List/
      |     |
      |     false
      Show Report
      
      	at pages.ReportsPages.ShowReportsPage$__clinit__closure1.doCall(ShowReportsPage.groovy:11)
      	at pages.ReportsPages.ShowReportsPage$__clinit__closure1.doCall(ShowReportsPage.groovy)
      	at geb.Page.verifyThisPageAtOnly(Page.groovy:228)
      	at geb.Page.verifyAt(Page.groovy:182)
      	at geb.Page$verifyAt$4.call(Unknown Source)
      	at geb.Page$verifyAt$4.call(Unknown Source)
      	at geb.Browser.doAt(Browser.groovy:454)
      	at geb.Browser.at(Browser.groovy:336)
      	at geb.binding.BindingUpdater$InvocationForwarding.doCall(BindingUpdater.groovy:73)
      	at steps.StepDefReport$_run_closure8.doCall(StepDefReport.groovy:74)
      	at âœ½.Then I should see the details related to the "70% of evaluations are over the class average" report(Notificacao.feature:33)

]]></system-out>

      <system-err><![CDATA[
--Output from Update a report--
--Output from Show the students list in the "70% of evaluations are over the class average" report--]]></system-err>

  </testsuite>
  <testsuite errors="0" failures="0" hostname="DESKTOP-S5990V7" id="5" name="Remove Criterion" package="" tests="2" time="11.831" timestamp="2017-02-23T13:18:21">
      <properties />

      <testcase classname="grails.plugin.cucumber.CucumberTest" name="Remove a criterion with students and evaluations using it" time="11.648" />

      <testcase classname="grails.plugin.cucumber.CucumberTest" name="Remove a criterion from the system" time="0.13" />

      <system-out><![CDATA[#Arthur Lapprand
Feature: Remove Criterion
  As the teacher
  I want to remove a Criterion from the system
  So that Criterion is not affecting student average anymore

--Output from Remove a criterion with students and evaluations using it--
--Output from Remove a criterion from the system--
  #GUI Scenario
  Scenario: Remove a criterion with students and evaluations using it                   # RemoveCriterion.feature:9
    Given a student with name "Zeca" and login "zc" is already on the system            # RemoveCriterionSteps.groovy:25
    And this student has an evaluation in criterion "TEORICA"                           # RemoveCriterionSteps.groovy:33
    When I remove the criterion "TEORICA"                                               # RemoveCriterionSteps.groovy:45
    Then I should not see the criterion "TEORICA" listed in the student with login "zc" # RemoveCriterionSteps.groovy:54

  #Controller Scenario
  Scenario: Remove a criterion from the system                                                                    # RemoveCriterion.feature:16
    Given the system has a student with name "Jose" and login "jj"                                                # RemoveCriterionSteps.groovy:67
    And that student has a "MA" evaluation in criterion "GDI" with origin "Test" and applicationDate "21/12/1992" # RemoveCriterionSteps.groovy:74
    When I remove the criterion "GDI" from the student "Jose" with login "jj"                                     # RemoveCriterionSteps.groovy:81
    Then the system correctly removes the criterion                                                               # RemoveCriterionSteps.groovy:88
]]></system-out>

      <system-err><![CDATA[
--Output from Remove a criterion with students and evaluations using it--
--Output from Remove a criterion from the system--]]></system-err>

  </testsuite>
  <testsuite errors="0" failures="1" hostname="DESKTOP-S5990V7" id="6" name="Remove Evaluation" package="" tests="2" time="10.1" timestamp="2017-02-23T13:18:33">
      <properties />

      <testcase classname="grails.plugin.cucumber.CucumberTest" name="Remove evaluations in different criterion from a student" time="9.803">
          <failure message="title ==~ /Show EvaluationsByCriterion/&#xa;|     |&#xa;|     false&#xa;Show Student" type="grails.plugin.cucumber.FakeAssertionFailedError">Assertion failed: 

title ==~ /Show EvaluationsByCriterion/
|     |
|     false
Show Student

	at pages.ShowEvaluationByCriterionPage$__clinit__closure1.doCall(ShowEvaluationByCriterionPage.groovy:12)
	at geb.Page.verifyThisPageAtOnly(Page.groovy:228)
	at geb.Page.verifyAt(Page.groovy:182)
	at geb.Browser.doAt(Browser.groovy:454)
	at geb.Browser.at(Browser.groovy:336)
	at geb.binding.BindingUpdater$InvocationForwarding.doCall(BindingUpdater.groovy:73)
	at steps.RemoveEvaluationSteps$_run_closure4.doCall(RemoveEvaluationSteps.groovy:75)
	at ✽.When I remove the evaluation &quot;MA&quot;(RemoveEvaluation.feature:13)
</failure>

      </testcase>

      <testcase classname="grails.plugin.cucumber.CucumberTest" name="Remove an Evaluation from a Student" time="0.242" />

      <system-out><![CDATA[#Arthur Lapprand
Feature: Remove Evaluation
  As the teacher
  I want to remove an Evaluation from a Student
  So I can correct the Student overall evaluation

--Output from Remove evaluations in different criterion from a student--
--Output from Remove an Evaluation from a Student--
  #GUI Scenario
  Scenario: Remove evaluations in different criterion from a student            # RemoveEvaluation.feature:9
    Given the system already has a student with name "Student 1" and login "s1" # RemoveEvaluationSteps.groovy:25
    And this student has "MA" evaluation in criterion "SI"                      # RemoveEvaluationSteps.groovy:34
    And has a "MANA" evaluation in criterion "PLC"                              # RemoveEvaluationSteps.groovy:47
    When I remove the evaluation "MA"                                           # RemoveEvaluationSteps.groovy:67
      Assertion failed: 
      
      title ==~ /Show EvaluationsByCriterion/
      |     |
      |     false
      Show Student
      
      	at pages.ShowEvaluationByCriterionPage$__clinit__closure1.doCall(ShowEvaluationByCriterionPage.groovy:12)
      	at pages.ShowEvaluationByCriterionPage$__clinit__closure1.doCall(ShowEvaluationByCriterionPage.groovy)
      	at geb.Page.verifyThisPageAtOnly(Page.groovy:228)
      	at geb.Page.verifyAt(Page.groovy:182)
      	at geb.Page$verifyAt$4.call(Unknown Source)
      	at geb.Page$verifyAt$4.call(Unknown Source)
      	at geb.Browser.doAt(Browser.groovy:454)
      	at geb.Browser.at(Browser.groovy:336)
      	at geb.binding.BindingUpdater$InvocationForwarding.doCall(BindingUpdater.groovy:73)
      	at steps.RemoveEvaluationSteps$_run_closure4.doCall(RemoveEvaluationSteps.groovy:75)
      	at âœ½.When I remove the evaluation "MA"(RemoveEvaluation.feature:13)

    Then I should not see it listed in the student                              # RemoveEvaluationSteps.groovy:81

  #Controller Scenario
  Scenario: Remove an Evaluation from a Student                                                                                                              # RemoveEvaluation.feature:17
    Given the system has a student registered with name "Fulano Detal" and login "fd"                                                                        # RemoveEvaluationSteps.groovy:94
    And this student has a "MA" evaluation in criterion "ESS" with origin "Test" and applicationDate "21/12/1992"                                            # RemoveEvaluationSteps.groovy:101
    When I remove the evaluation "MA" in criterion "ESS" with origin "Test" and applicationDate "21/12/1992" from the student "Fulano Detal" with login "fd" # RemoveEvaluationSteps.groovy:109
    Then the system correctly removes the evaluation                                                                                                         # RemoveEvaluationSteps.groovy:135
]]></system-out>

      <system-err><![CDATA[
--Output from Remove evaluations in different criterion from a student--
--Output from Remove an Evaluation from a Student--]]></system-err>

  </testsuite>
</testsuites>
